/*C1*/SET SCHEMA SYSTEM_LOBS
INSERT INTO BLOCKS VALUES(0,2147483647,0)
COMMIT
/*C2*/SET SCHEMA PUBLIC
create table comment (id bigint generated by default as identity (start with 1), author varchar(255) not null, comment varchar(255) not null, comment_date timestamp not null, id_topic bigint not null, primary key (id))
create table topic (id bigint generated by default as identity (start with 1), author varchar(255) not null, downvote bigint not null, media_url varchar(255) not null, title varchar(255) not null, topic_date timestamp not null, upvote bigint not null, primary key (id))
INSERT INTO TOPIC VALUES(1,'author',0,'url','title 1','2020-04-11 21:14:27.259000',0)
COMMIT
INSERT INTO TOPIC VALUES(2,'author',0,'url','title 2','2020-04-11 21:14:27.528000',0)
COMMIT
INSERT INTO TOPIC VALUES(3,'author',0,'url','title 3','2020-04-11 21:14:27.545000',0)
COMMIT
INSERT INTO TOPIC VALUES(4,'author',0,'url','title 4','2020-04-11 21:14:27.562000',0)
COMMIT
INSERT INTO TOPIC VALUES(5,'author',0,'url','title 5','2020-04-11 21:14:27.580000',0)
COMMIT
INSERT INTO COMMENT VALUES(1,'author','Comment 1','2020-04-11 21:14:27.597000',1)
COMMIT
DELETE FROM TOPIC WHERE ID=1
INSERT INTO TOPIC VALUES(1,'author',0,'url','title 1','2020-04-11 21:14:27.259000',1)
COMMIT
